<?xml version="1.0" encoding="UTF-8"?>
<!-- Generated by org.testng.reporters.JUnitReportReporter -->
<testsuite hostname="PIYUSH" failures="0" tests="1" name="dipak.navale.YahooMail" time="12.192" errors="1" timestamp="25 Feb 2022 06:25:36 GMT" skipped="0">
  <testcase classname="dipak.navale.YahooMail" name="yahoomail" time="12.192">
    <error message="session not created
from disconnected: received Inspector.detached event
  (Session info: MicrosoftEdge=98.0.1108.56)
Build info: version: &#039;3.141.59&#039;, revision: &#039;e82be7d358&#039;, time: &#039;2018-11-14T08:17:03&#039;
System info: host: &#039;PIYUSH&#039;, ip: &#039;192.168.225.58&#039;, os.name: &#039;Windows 8.1&#039;, os.arch: &#039;amd64&#039;, os.version: &#039;6.3&#039;, java.version: &#039;17.0.1&#039;
Driver info: driver.version: EdgeDriver
remote stacktrace: Backtrace:
	Microsoft::Applications::Events::EventProperties::unpack [0x00007FF7A1D63A72+22610]
	Microsoft::Applications::Events::time_ticks_t::time_ticks_t [0x00007FF7A1CA2342+503794]
	Ordinal0 [0x00007FF7A17A0FA5+659365]
	Ordinal0 [0x00007FF7A178EAD0+584400]
	Ordinal0 [0x00007FF7A178E3F5+582645]
	Ordinal0 [0x00007FF7A178D948+579912]
	Ordinal0 [0x00007FF7A178C79F+575391]
	Ordinal0 [0x00007FF7A178CC1F+576543]
	Ordinal0 [0x00007FF7A17AC7CB+706507]
	Ordinal0 [0x00007FF7A17A3C06+670726]
	Ordinal0 [0x00007FF7A17A369F+669343]
	Ordinal0 [0x00007FF7A17A40EB+671979]
	Ordinal0 [0x00007FF7A17A44D0+672976]
	Ordinal0 [0x00007FF7A17FE350+1041232]
	Ordinal0 [0x00007FF7A17F6E53+1011283]
	Ordinal0 [0x00007FF7A17CE0C7+843975]
	Ordinal0 [0x00007FF7A17CF598+849304]
	Microsoft::Applications::Events::EventProperty::to_string [0x00007FF7A19691C8+848504]
	Microsoft::Applications::Events::EventProperty::EventProperty [0x00007FF7A1A5B19D+39117]
	Microsoft::Applications::Events::EventProperty::EventProperty [0x00007FF7A1A5E412+52034]
	Microsoft::Applications::Events::EventProperty::to_string [0x00007FF7A18A0D56+28166]
	Microsoft::Applications::Events::time_ticks_t::time_ticks_t [0x00007FF7A1CA8FD1+531585]
	Microsoft::Applications::Events::time_ticks_t::time_ticks_t [0x00007FF7A1CAE4B4+553316]
	Microsoft::Applications::Events::time_ticks_t::time_ticks_t [0x00007FF7A1CAE645+553717]
	Microsoft::Applications::Events::EventProperty::to_string [0x00007FF7A1976C50+904448]
	BaseThreadInitThunk [0x00007FFC338413F2+34]
	RtlUserThreadStart [0x00007FFC35CE54F4+52]
" type="org.openqa.selenium.SessionNotCreatedException">
      <![CDATA[org.openqa.selenium.SessionNotCreatedException: session not created
from disconnected: received Inspector.detached event
  (Session info: MicrosoftEdge=98.0.1108.56)
Build info: version: '3.141.59', revision: 'e82be7d358', time: '2018-11-14T08:17:03'
System info: host: 'PIYUSH', ip: '192.168.225.58', os.name: 'Windows 8.1', os.arch: 'amd64', os.version: '6.3', java.version: '17.0.1'
Driver info: driver.version: EdgeDriver
remote stacktrace: Backtrace:
Microsoft::Applications::Events::EventProperties::unpack [0x00007FF7A1D63A72+22610]
Microsoft::Applications::Events::time_ticks_t::time_ticks_t [0x00007FF7A1CA2342+503794]
Ordinal0 [0x00007FF7A17A0FA5+659365]
Ordinal0 [0x00007FF7A178EAD0+584400]
Ordinal0 [0x00007FF7A178E3F5+582645]
Ordinal0 [0x00007FF7A178D948+579912]
Ordinal0 [0x00007FF7A178C79F+575391]
Ordinal0 [0x00007FF7A178CC1F+576543]
Ordinal0 [0x00007FF7A17AC7CB+706507]
Ordinal0 [0x00007FF7A17A3C06+670726]
Ordinal0 [0x00007FF7A17A369F+669343]
Ordinal0 [0x00007FF7A17A40EB+671979]
Ordinal0 [0x00007FF7A17A44D0+672976]
Ordinal0 [0x00007FF7A17FE350+1041232]
Ordinal0 [0x00007FF7A17F6E53+1011283]
Ordinal0 [0x00007FF7A17CE0C7+843975]
Ordinal0 [0x00007FF7A17CF598+849304]
Microsoft::Applications::Events::EventProperty::to_string [0x00007FF7A19691C8+848504]
Microsoft::Applications::Events::EventProperty::EventProperty [0x00007FF7A1A5B19D+39117]
Microsoft::Applications::Events::EventProperty::EventProperty [0x00007FF7A1A5E412+52034]
Microsoft::Applications::Events::EventProperty::to_string [0x00007FF7A18A0D56+28166]
Microsoft::Applications::Events::time_ticks_t::time_ticks_t [0x00007FF7A1CA8FD1+531585]
Microsoft::Applications::Events::time_ticks_t::time_ticks_t [0x00007FF7A1CAE4B4+553316]
Microsoft::Applications::Events::time_ticks_t::time_ticks_t [0x00007FF7A1CAE645+553717]
Microsoft::Applications::Events::EventProperty::to_string [0x00007FF7A1976C50+904448]
BaseThreadInitThunk [0x00007FFC338413F2+34]
RtlUserThreadStart [0x00007FFC35CE54F4+52]

at java.base/jdk.internal.reflect.NativeConstructorAccessorImpl.newInstance0(Native Method)
at java.base/jdk.internal.reflect.NativeConstructorAccessorImpl.newInstance(NativeConstructorAccessorImpl.java:77)
at java.base/jdk.internal.reflect.DelegatingConstructorAccessorImpl.newInstance(DelegatingConstructorAccessorImpl.java:45)
at java.base/java.lang.reflect.Constructor.newInstanceWithCaller(Constructor.java:499)
at java.base/java.lang.reflect.Constructor.newInstance(Constructor.java:480)
at org.openqa.selenium.remote.W3CHandshakeResponse.lambda$errorHandler$0(W3CHandshakeResponse.java:62)
at org.openqa.selenium.remote.HandshakeResponse.lambda$getResponseFunction$0(HandshakeResponse.java:30)
at org.openqa.selenium.remote.ProtocolHandshake.lambda$createSession$0(ProtocolHandshake.java:126)
at java.base/java.util.stream.ReferencePipeline$3$1.accept(ReferencePipeline.java:197)
at java.base/java.util.Spliterators$ArraySpliterator.tryAdvance(Spliterators.java:1002)
at java.base/java.util.stream.ReferencePipeline.forEachWithCancel(ReferencePipeline.java:129)
at java.base/java.util.stream.AbstractPipeline.copyIntoWithCancel(AbstractPipeline.java:527)
at java.base/java.util.stream.AbstractPipeline.copyInto(AbstractPipeline.java:513)
at java.base/java.util.stream.AbstractPipeline.wrapAndCopyInto(AbstractPipeline.java:499)
at java.base/java.util.stream.FindOps$FindOp.evaluateSequential(FindOps.java:150)
at java.base/java.util.stream.AbstractPipeline.evaluate(AbstractPipeline.java:234)
at java.base/java.util.stream.ReferencePipeline.findFirst(ReferencePipeline.java:647)
at org.openqa.selenium.remote.ProtocolHandshake.createSession(ProtocolHandshake.java:128)
at org.openqa.selenium.remote.ProtocolHandshake.createSession(ProtocolHandshake.java:74)
at org.openqa.selenium.remote.HttpCommandExecutor.execute(HttpCommandExecutor.java:136)
at org.openqa.selenium.remote.service.DriverCommandExecutor.execute(DriverCommandExecutor.java:83)
at org.openqa.selenium.remote.RemoteWebDriver.execute(RemoteWebDriver.java:552)
at org.openqa.selenium.remote.RemoteWebDriver.startSession(RemoteWebDriver.java:213)
at org.openqa.selenium.remote.RemoteWebDriver.<init>(RemoteWebDriver.java:131)
at org.openqa.selenium.edge.EdgeDriver.<init>(EdgeDriver.java:141)
at org.openqa.selenium.edge.EdgeDriver.<init>(EdgeDriver.java:96)
at dipak.navale.YahooMail.yahoomail(YahooMail.java:15)
at java.base/jdk.internal.reflect.NativeMethodAccessorImpl.invoke0(Native Method)
at java.base/jdk.internal.reflect.NativeMethodAccessorImpl.invoke(NativeMethodAccessorImpl.java:77)
at java.base/jdk.internal.reflect.DelegatingMethodAccessorImpl.invoke(DelegatingMethodAccessorImpl.java:43)
at java.base/java.lang.reflect.Method.invoke(Method.java:568)
at org.testng.internal.MethodInvocationHelper.invokeMethod(MethodInvocationHelper.java:124)
at org.testng.internal.Invoker.invokeMethod(Invoker.java:583)
at org.testng.internal.Invoker.invokeTestMethod(Invoker.java:719)
at org.testng.internal.Invoker.invokeTestMethods(Invoker.java:989)
at org.testng.internal.TestMethodWorker.invokeTestMethods(TestMethodWorker.java:125)
at org.testng.internal.TestMethodWorker.run(TestMethodWorker.java:109)
at org.testng.TestRunner.privateRun(TestRunner.java:648)
at org.testng.TestRunner.run(TestRunner.java:505)
at org.testng.SuiteRunner.runTest(SuiteRunner.java:455)
at org.testng.SuiteRunner.runSequentially(SuiteRunner.java:450)
at org.testng.SuiteRunner.privateRun(SuiteRunner.java:415)
at org.testng.SuiteRunner.run(SuiteRunner.java:364)
at org.testng.SuiteRunnerWorker.runSuite(SuiteRunnerWorker.java:52)
at org.testng.SuiteRunnerWorker.run(SuiteRunnerWorker.java:84)
at org.testng.TestNG.runSuitesSequentially(TestNG.java:1208)
at org.testng.TestNG.runSuitesLocally(TestNG.java:1137)
at org.testng.TestNG.runSuites(TestNG.java:1049)
at org.testng.TestNG.run(TestNG.java:1017)
at org.testng.remote.AbstractRemoteTestNG.run(AbstractRemoteTestNG.java:115)
at org.testng.remote.RemoteTestNG.initAndRun(RemoteTestNG.java:251)
at org.testng.remote.RemoteTestNG.main(RemoteTestNG.java:77)
]]>
    </error>
  </testcase> <!-- yahoomail -->
</testsuite> <!-- dipak.navale.YahooMail -->
